<?xml version="1.0" encoding="UTF-8"?>
<!-- Generated by org.testng.reporters.JUnitXMLReporter -->
<testsuite hostname="DESKTOP-JJEVG5C" ignored="0" name="Default test" tests="4" failures="1" timestamp="24 Dec 2017 17:24:01 GMT" time="63.828" errors="0">
  <testcase name="testHomeLoanPageTitle" time="3.51" classname="com.advantis.test.modules.HomePageTest"/>
  <testcase name="testTitle" time="0.028" classname="com.advantis.test.modules.HomePageTest"/>
  <testcase name="verifyAllLinksTextInHomeLoanPage" time="8.926" classname="com.advantis.test.modules.HomePageTest">
    <failure type="java.lang.IndexOutOfBoundsException" message="Index: 108, Size: 108">
      <![CDATA[java.lang.IndexOutOfBoundsException: Index: 108, Size: 108
	at java.util.ArrayList.rangeCheck(Unknown Source)
	at java.util.ArrayList.get(Unknown Source)
	at com.advantis.test.pages.HomeLoanPage.allLinkTexts(HomeLoanPage.java:36)
	at com.advantis.test.modules.HomePageTest.verifyAllLinksTextInHomeLoanPage(HomePageTest.java:51)
	at sun.reflect.NativeMethodAccessorImpl.invoke0(Native Method)
	at sun.reflect.NativeMethodAccessorImpl.invoke(Unknown Source)
	at sun.reflect.DelegatingMethodAccessorImpl.invoke(Unknown Source)
	at java.lang.reflect.Method.invoke(Unknown Source)
	at org.testng.internal.MethodInvocationHelper.invokeMethod(MethodInvocationHelper.java:104)
	at org.testng.internal.Invoker.invokeMethod(Invoker.java:645)
	at org.testng.internal.Invoker.invokeTestMethod(Invoker.java:851)
	at org.testng.internal.Invoker.invokeTestMethods(Invoker.java:1177)
	at org.testng.internal.TestMethodWorker.invokeTestMethods(TestMethodWorker.java:129)
	at org.testng.internal.TestMethodWorker.run(TestMethodWorker.java:112)
	at org.testng.TestRunner.privateRun(TestRunner.java:756)
	at org.testng.TestRunner.run(TestRunner.java:610)
	at org.testng.SuiteRunner.runTest(SuiteRunner.java:387)
	at org.testng.SuiteRunner.runSequentially(SuiteRunner.java:382)
	at org.testng.SuiteRunner.privateRun(SuiteRunner.java:340)
	at org.testng.SuiteRunner.run(SuiteRunner.java:289)
	at org.testng.SuiteRunnerWorker.runSuite(SuiteRunnerWorker.java:52)
	at org.testng.SuiteRunnerWorker.run(SuiteRunnerWorker.java:86)
	at org.testng.TestNG.runSuitesSequentially(TestNG.java:1293)
	at org.testng.TestNG.runSuitesLocally(TestNG.java:1218)
	at org.testng.TestNG.runSuites(TestNG.java:1133)
	at org.testng.TestNG.run(TestNG.java:1104)
	at org.testng.remote.AbstractRemoteTestNG.run(AbstractRemoteTestNG.java:132)
	at org.testng.remote.RemoteTestNG.initAndRun(RemoteTestNG.java:230)
	at org.testng.remote.RemoteTestNG.main(RemoteTestNG.java:76)
]]>
    </failure>
  </testcase> <!-- verifyAllLinksTextInHomeLoanPage -->
  <testcase name="verifyTotalLinksOnHomeLoanPage" time="3.671" classname="com.advantis.test.modules.HomePageTest"/>
</testsuite> <!-- Default test -->
